<?xml version="1.0" encoding="UTF-8"?>
<!-- Generated by org.testng.reporters.JUnitReportReporter -->
<testsuite skipped="0" hostname="ASUS" name="Academy.HomePage" tests="2" failures="0" timestamp="06 Apr 2019 13:31:55 GMT" time="97.789" errors="0">
  <testcase name="basePageNavigation" time="19.981" classname="Academy.HomePage"/>
  <testcase name="basePageNavigation" time="77.808" classname="Academy.HomePage"/>
</testsuite> <!-- Academy.HomePage -->
