<?xml version="1.0" encoding="UTF-8"?>
<!-- Generated by org.testng.reporters.JUnitReportReporter -->
<testsuite skipped="0" hostname="ASUS" name="Academy.validateTitle" tests="1" failures="0" timestamp="06 Apr 2019 13:31:55 GMT" time="0.114" errors="0">
  <testcase name="basePageNavigation" time="0.114" classname="Academy.validateTitle"/>
</testsuite> <!-- Academy.validateTitle -->
