<?xml version="1.0" encoding="UTF-8"?>
<!-- Generated by org.testng.reporters.JUnitReportReporter -->
<testsuite hostname="ASUS" failures="0" tests="1" name="Academy.validateTitle" time="1.004" errors="0" timestamp="31 Mar 2019 13:06:02 GMT">
  <testcase classname="Academy.validateTitle" name="basePageNavigation" time="1.004"/>
</testsuite> <!-- Academy.validateTitle -->
