<?xml version="1.0" encoding="UTF-8"?>
<!-- Generated by org.testng.reporters.JUnitReportReporter -->
<testsuite hostname="ASUS" failures="0" tests="2" name="Academy.HomePage" time="73.419" errors="0" timestamp="31 Mar 2019 13:06:02 GMT">
  <testcase classname="Academy.HomePage" name="basePageNavigation" time="31.725"/>
  <testcase classname="Academy.HomePage" name="basePageNavigation" time="41.694"/>
</testsuite> <!-- Academy.HomePage -->
