<?xml version="1.0" encoding="UTF-8"?>
<!-- Generated by org.testng.reporters.JUnitReportReporter -->
<testsuite hostname="ASUS" failures="0" tests="1" name="Academy.validateNavigationBar" time="0.137" errors="0" timestamp="31 Mar 2019 13:06:02 GMT">
  <testcase classname="Academy.validateNavigationBar" name="basePageNavigation" time="0.137"/>
</testsuite> <!-- Academy.validateNavigationBar -->
